<?xml version="1.0" encoding="UTF-8"?>
<testsuites>
  <testsuite id="0" name="/Users/nikkyamresh/Downloads/Test/frontend/tests/unit/PostDetails.spec.js" errors="0" package="/Users/nikkyamresh/Downloads/Test/frontend/tests/unit/PostDetails.spec.js" hostname="localhost" tests="2" failures="0" time="0.908" timestamp="2022-05-26T13:32:35">
    <properties>
    </properties>
    <testcase classname="PostDetails.vue" name="renders props.post when passed for non-published posts" time="0">
    </testcase>
    <testcase classname="PostDetails.vue" name="renders props.post when passed for published posts" time="0">
    </testcase>
    <system-out/>
    <system-err/>
  </testsuite>
</testsuites>